<?xml version="1.0" encoding="UTF-8"?>
<!-- Generated by org.testng.reporters.JUnitReportReporter -->
<testsuite hostname="LAPTOP-FG948455" failures="0" tests="1" name="com.withBDDprograms.DeletemethodwithBDD" time="4.068" errors="0" timestamp="2021-08-01T12:13:41 IST" skipped="0">
  <testcase classname="com.withBDDprograms.DeletemethodwithBDD" name="deletemethod" time="4.068"/>
  <system-out/>
</testsuite> <!-- com.withBDDprograms.DeletemethodwithBDD -->
