<?xml version="1.0" encoding="UTF-8"?>
<!-- Generated by org.testng.reporters.JUnitReportReporter -->
<testsuite hostname="LAPTOP-FG948455" failures="0" tests="1" name="com.rmgyantra.projectTest.CreateProjectWithCompletedStatusTest" time="4.132" errors="0" timestamp="2021-08-02T14:37:25 IST" skipped="0">
  <testcase classname="com.rmgyantra.projectTest.CreateProjectWithCompletedStatusTest" name="CreateProjectWithCompletedStatus" time="4.132"/>
  <system-out/>
</testsuite> <!-- com.rmgyantra.projectTest.CreateProjectWithCompletedStatusTest -->
