<?xml version="1.0" encoding="UTF-8"?>
<!-- Generated by org.testng.reporters.JUnitReportReporter -->
<testsuite hostname="LAPTOP-FG948455" failures="0" tests="1" name="reqresValidation.StaticResponce" time="3.615" errors="0" timestamp="2021-07-31T10:30:02 IST" skipped="0">
  <testcase classname="reqresValidation.StaticResponce" name="staticResponse" time="3.615"/>
  <system-out/>
</testsuite> <!-- reqresValidation.StaticResponce -->
