<?xml version="1.0" encoding="UTF-8"?>
<!-- Generated by org.testng.reporters.JUnitReportReporter -->
<testsuite hostname="LAPTOP-FG948455" failures="0" tests="1" name="ResponceVlidation.validateDynamicResponseTest" time="4.898" errors="0" timestamp="2021-07-30T18:24:22 IST" skipped="0">
  <testcase classname="ResponceVlidation.validateDynamicResponseTest" name="dynamicResponce" time="4.898"/>
  <system-out/>
</testsuite> <!-- ResponceVlidation.validateDynamicResponseTest -->
