<?xml version="1.0" encoding="UTF-8"?>
<!-- Generated by org.testng.reporters.JUnitReportReporter -->
<testsuite hostname="LAPTOP-FG948455" failures="0" tests="1" name="com.withBDDprograms.Post" time="5.349" errors="0" timestamp="2021-08-01T12:41:55 IST" skipped="0">
  <testcase classname="com.withBDDprograms.Post" name="createProject" time="5.349"/>
  <system-out/>
</testsuite> <!-- com.withBDDprograms.Post -->
