<?xml version="1.0" encoding="UTF-8"?>
<!-- Generated by org.testng.reporters.JUnitReportReporter -->
<testsuite hostname="LAPTOP-FG948455" failures="0" tests="1" name="com.withBDDprograms.PutMethodWithBDD" time="3.726" errors="0" timestamp="2021-08-01T12:46:28 IST" skipped="0">
  <testcase classname="com.withBDDprograms.PutMethodWithBDD" name="putmethod" time="3.726"/>
  <system-out/>
</testsuite> <!-- com.withBDDprograms.PutMethodWithBDD -->
