<?xml version="1.0" encoding="UTF-8"?>
<!-- Generated by org.testng.reporters.JUnitReportReporter -->
<testsuite hostname="LAPTOP-FG948455" failures="0" tests="1" name="com.rmgyantra.projectTest.CreateProjectWithCompleteStatusUsingFramework" time="4.588" errors="0" timestamp="2021-08-03T18:24:56 IST" skipped="0">
  <testcase classname="com.rmgyantra.projectTest.CreateProjectWithCompleteStatusUsingFramework" name="createprojectwithcompletestatususingframework" time="4.588"/>
  <system-out/>
</testsuite> <!-- com.rmgyantra.projectTest.CreateProjectWithCompleteStatusUsingFramework -->
