<?xml version="1.0" encoding="UTF-8"?>
<!-- Generated by org.testng.reporters.JUnitReportReporter -->
<testsuite hostname="LAPTOP-FG948455" failures="0" tests="1" name="com.withBDDprograms.Getprojects" time="3.418" errors="0" timestamp="2021-08-01T11:51:13 IST" skipped="0">
  <testcase classname="com.withBDDprograms.Getprojects" name="getproject" time="3.418"/>
  <system-out/>
</testsuite> <!-- com.withBDDprograms.Getprojects -->
