<?xml version="1.0" encoding="UTF-8"?>
<!-- Generated by org.testng.reporters.JUnitReportReporter -->
<testsuite hostname="LAPTOP-FG948455" failures="0" tests="1" name="ResponceVlidation.validataStaticResponseTest" time="5.179" errors="0" timestamp="2021-07-30T18:22:40 IST" skipped="0">
  <testcase classname="ResponceVlidation.validataStaticResponseTest" name="staticResponse" time="5.179"/>
  <system-out/>
</testsuite> <!-- ResponceVlidation.validataStaticResponseTest -->
