<?xml version="1.0" encoding="UTF-8"?>
<!-- Generated by org.testng.reporters.JUnitReportReporter -->
<testsuite hostname="LAPTOP-FG948455" failures="0" tests="1" name="crudOperation_withoutBDD.GetAllProject" time="3.327" errors="0" timestamp="2021-07-30T14:27:21 IST" skipped="0">
  <testcase classname="crudOperation_withoutBDD.GetAllProject" name="getallProjet" time="3.327"/>
  <system-out/>
</testsuite> <!-- crudOperation_withoutBDD.GetAllProject -->
