<?xml version="1.0" encoding="UTF-8"?>
<!-- Generated by org.testng.reporters.JUnitReportReporter -->
<testsuite hostname="LAPTOP-FG948455" failures="0" tests="1" name="com.rmgyantra.fourWaysToPostRequest.CreateUsingpojoTest" time="2.751" errors="0" timestamp="2021-08-02T14:01:38 IST" skipped="0">
  <testcase classname="com.rmgyantra.fourWaysToPostRequest.CreateUsingpojoTest" name="createpojo" time="2.751"/>
  <system-out/>
</testsuite> <!-- com.rmgyantra.fourWaysToPostRequest.CreateUsingpojoTest -->
